Arguments: 
  C:\Program Files\nodejs\node.exe C:\Users\lijun\AppData\Roaming\npm\node_modules\yarn\bin\yarn.js imit

PATH: 
  C:\Users\lijun\bin;D:\Program Files\Git\mingw64\bin;D:\Program Files\Git\usr\local\bin;D:\Program Files\Git\usr\bin;D:\Program Files\Git\usr\bin;D:\Program Files\Git\mingw64\bin;D:\Program Files\Git\usr\bin;C:\Users\lijun\bin;C:\Windows\system32;C:\Windows;C:\Windows\System32\Wbem;C:\Windows\System32\WindowsPowerShell\v1.0;C:\Windows\System32\OpenSSH;C:\Program Files (x86)\NVIDIA Corporation\PhysX\Common;C:\Program Files\NVIDIA Corporation\NVIDIA NvDLISR;D:\Program Files\Microsoft SQL Server\Client SDK\ODBC\170\Tools\Binn;D:\Program Files (x86)\Microsoft SQL Server\150\Tools\Binn;D:\Program Files\Microsoft SQL Server\150\Tools\Binn;D:\Program Files\Microsoft SQL Server\150\DTS\Binn;D:\Program Files (x86)\Microsoft SQL Server\150\DTS\Binn;C:\Program Files\Azure Data Studio\bin;C:\Program Files\dotnet;D:\Program Files\Microsoft SQL Server\130\Tools\Binn;C:\Program Files\Microsoft VS Code\bin;D:\Program Files\Git\cmd;C:\Program Files\nodejs;C:\Users\lijun\AppData\Local\Microsoft\WindowsApps;C:\Program Files\Azure Data Studio\bin;C:\Users\lijun\.dotnet\tools;C:\Users\lijun\AppData\Roaming\npm;D:\Program Files\Git\usr\bin\vendor_perl;D:\Program Files\Git\usr\bin\core_perl

Yarn version: 
  1.22.10

Node version: 
  14.15.4

Platform: 
  win32 x64

Trace: 
  SyntaxError: D:\vsonline\demo\ReatJslearn\indecision\package.json: Unexpected end of JSON input
      at JSON.parse (<anonymous>)
      at C:\Users\lijun\AppData\Roaming\npm\node_modules\yarn\lib\cli.js:1625:59
      at Generator.next (<anonymous>)
      at step (C:\Users\lijun\AppData\Roaming\npm\node_modules\yarn\lib\cli.js:310:30)
      at C:\Users\lijun\AppData\Roaming\npm\node_modules\yarn\lib\cli.js:321:13

npm manifest: 
  

yarn manifest: 
  No manifest

Lockfile: 
  No lockfile
